<?xml version="1.0" encoding="UTF-8"?>
<testng-results ignored="0" total="1" passed="1" failed="0" skipped="0">
  <reporter-output>
  </reporter-output>
  <suite started-at="2024-04-11T16:45:43 IST" name="Default suite" finished-at="2024-04-11T16:45:58 IST" duration-ms="14812">
    <groups>
    </groups>
    <test started-at="2024-04-11T16:45:43 IST" name="Default test" finished-at="2024-04-11T16:45:58 IST" duration-ms="14812">
      <class name="com.Bookings.Branding.testCases.TC_ByDefaultValues">
        <test-method is-config="true" signature="setup()[pri:0, instance:com.Bookings.Branding.testCases.TC_ByDefaultValues@4be29ed9]" started-at="2024-04-11T16:45:43 IST" name="setup" finished-at="2024-04-11T16:45:52 IST" duration-ms="9269" status="PASS">
          <reporter-output>
          </reporter-output>
        </test-method> <!-- setup -->
        <test-method signature="defaultValues()[pri:0, instance:com.Bookings.Branding.testCases.TC_ByDefaultValues@4be29ed9]" started-at="2024-04-11T16:45:52 IST" name="defaultValues" finished-at="2024-04-11T16:45:58 IST" duration-ms="5482" status="PASS">
          <reporter-output>
          </reporter-output>
        </test-method> <!-- defaultValues -->
        <test-method is-config="true" signature="tearDown()[pri:0, instance:com.Bookings.Branding.testCases.TC_ByDefaultValues@4be29ed9]" started-at="2024-04-11T16:45:58 IST" name="tearDown" finished-at="2024-04-11T16:45:58 IST" duration-ms="1" status="PASS">
          <reporter-output>
          </reporter-output>
        </test-method> <!-- tearDown -->
      </class> <!-- com.Bookings.Branding.testCases.TC_ByDefaultValues -->
    </test> <!-- Default test -->
  </suite> <!-- Default suite -->
</testng-results>
