<?xml version="1.0" encoding="UTF-8"?>
<testng-results ignored="0" total="1" passed="1" failed="0" skipped="0">
  <reporter-output>
  </reporter-output>
  <suite started-at="2024-05-24T14:44:08 IST" name="Default suite" finished-at="2024-05-24T14:44:28 IST" duration-ms="20050">
    <groups>
    </groups>
    <test started-at="2024-05-24T14:44:08 IST" name="Default test" finished-at="2024-05-24T14:44:28 IST" duration-ms="20050">
      <class name="com.Bookings.meetingTypes.testCases.TC_MeetingDisabled">
        <test-method is-config="true" signature="setup()[pri:0, instance:com.Bookings.meetingTypes.testCases.TC_MeetingDisabled@4be29ed9]" started-at="2024-05-24T14:44:08 IST" name="setup" finished-at="2024-05-24T14:44:16 IST" duration-ms="7389" status="PASS">
          <reporter-output>
          </reporter-output>
        </test-method> <!-- setup -->
        <test-method signature="disable()[pri:0, instance:com.Bookings.meetingTypes.testCases.TC_MeetingDisabled@4be29ed9]" started-at="2024-05-24T14:44:16 IST" name="disable" finished-at="2024-05-24T14:44:28 IST" duration-ms="12623" status="PASS">
          <reporter-output>
          </reporter-output>
        </test-method> <!-- disable -->
        <test-method is-config="true" signature="tearDown()[pri:0, instance:com.Bookings.meetingTypes.testCases.TC_MeetingDisabled@4be29ed9]" started-at="2024-05-24T14:44:28 IST" name="tearDown" finished-at="2024-05-24T14:44:28 IST" duration-ms="1" status="PASS">
          <reporter-output>
          </reporter-output>
        </test-method> <!-- tearDown -->
      </class> <!-- com.Bookings.meetingTypes.testCases.TC_MeetingDisabled -->
    </test> <!-- Default test -->
  </suite> <!-- Default suite -->
</testng-results>
